[2025-03-10 19:00:53] [WARNING] User logged in
[2025-03-10 19:00:53] [WARNING] Memory usage high
[2025-03-10 19:00:53] [DEBUG] Disk space running low
[2025-03-10 19:00:53] [WARNING] Unauthorized access attempt
[2025-03-10 19:00:53] [WARNING] Unauthorized access attempt
[2025-03-10 19:00:53] [DEBUG] File not found
[2025-03-10 19:00:53] [DEBUG] Database connection lost
[2025-03-10 19:00:53] [DEBUG] Database connection lost
[2025-03-10 19:00:53] [INFO] Database connection lost
[2025-03-10 19:00:53] [INFO] File not found
[2025-03-10 19:00:53] [WARNING] Database connection lost
[2025-03-10 19:00:53] [DEBUG] Disk space running low
[2025-03-10 19:00:53] [ERROR] File not found
[2025-03-10 19:00:53] [DEBUG] Service restarted
[2025-03-10 19:00:53] [ERROR] File not found
[2025-03-10 19:00:53] [WARNING] File not found
[2025-03-10 19:00:53] [DEBUG] Database connection lost
[2025-03-10 19:00:53] [DEBUG] Disk space running low
[2025-03-10 19:00:53] [WARNING] Unauthorized access attempt
[2025-03-10 19:00:53] [INFO] User logged in
[2025-03-10 19:00:53] [ERROR] Database connection lost
[2025-03-10 19:00:53] [WARNING] Service restarted
