[2025-03-10 19:00:53] [ERROR] Disk space running low
[2025-03-10 19:00:53] [DEBUG] Unauthorized access attempt
[2025-03-10 19:00:53] [DEBUG] User logged in
[2025-03-10 19:00:53] [ERROR] Unauthorized access attempt
[2025-03-10 19:00:53] [ERROR] Memory usage high
[2025-03-10 19:00:53] [INFO] Configuration loaded
[2025-03-10 19:00:53] [DEBUG] User logged in
[2025-03-10 19:00:53] [DEBUG] Service restarted
[2025-03-10 19:00:53] [WARNING] User logged in
[2025-03-10 19:00:53] [ERROR] Unauthorized access attempt
[2025-03-10 19:00:53] [DEBUG] Database connection lost
[2025-03-10 19:00:53] [ERROR] Memory usage high
[2025-03-10 19:00:53] [ERROR] Database connection lost
[2025-03-10 19:00:53] [WARNING] Memory usage high
[2025-03-10 19:00:53] [INFO] Service restarted
[2025-03-10 19:00:53] [DEBUG] Service restarted
[2025-03-10 19:00:53] [WARNING] Disk space running low
[2025-03-10 19:00:53] [DEBUG] Database connection lost
[2025-03-10 19:00:53] [DEBUG] Configuration loaded
[2025-03-10 19:00:53] [ERROR] Service restarted
[2025-03-10 19:00:53] [ERROR] Unauthorized access attempt
[2025-03-10 19:00:53] [ERROR] Memory usage high
