[2025-03-10 19:00:52] [INFO] Disk space running low
[2025-03-10 19:00:52] [ERROR] Service restarted
[2025-03-10 19:00:52] [WARNING] Memory usage high
[2025-03-10 19:00:52] [DEBUG] Memory usage high
[2025-03-10 19:00:52] [INFO] Configuration loaded
[2025-03-10 19:00:52] [WARNING] Unauthorized access attempt
[2025-03-10 19:00:52] [DEBUG] Configuration loaded
[2025-03-10 19:00:52] [DEBUG] Service restarted
[2025-03-10 19:00:52] [DEBUG] File not found
[2025-03-10 19:00:52] [DEBUG] Disk space running low
[2025-03-10 19:00:52] [ERROR] Configuration loaded
[2025-03-10 19:00:52] [WARNING] Configuration loaded
[2025-03-10 19:00:52] [ERROR] Unauthorized access attempt
[2025-03-10 19:00:52] [INFO] Configuration loaded
[2025-03-10 19:00:52] [ERROR] Disk space running low
[2025-03-10 19:00:52] [ERROR] Disk space running low
[2025-03-10 19:00:52] [ERROR] Memory usage high
[2025-03-10 19:00:52] [WARNING] Service restarted
[2025-03-10 19:00:52] [DEBUG] User logged in
[2025-03-10 19:00:52] [ERROR] Configuration loaded
[2025-03-10 19:00:52] [ERROR] File not found
[2025-03-10 19:00:52] [WARNING] User logged in
