[2025-03-10 19:00:52] [DEBUG] Database connection lost
[2025-03-10 19:00:52] [DEBUG] Service restarted
[2025-03-10 19:00:52] [WARNING] Unauthorized access attempt
[2025-03-10 19:00:52] [ERROR] Disk space running low
[2025-03-10 19:00:52] [DEBUG] Configuration loaded
[2025-03-10 19:00:52] [ERROR] File not found
[2025-03-10 19:00:52] [ERROR] Configuration loaded
[2025-03-10 19:00:53] [INFO] Memory usage high
[2025-03-10 19:00:53] [ERROR] File not found
[2025-03-10 19:00:53] [DEBUG] Unauthorized access attempt
[2025-03-10 19:00:53] [WARNING] User logged in
[2025-03-10 19:00:53] [DEBUG] Configuration loaded
[2025-03-10 19:00:53] [DEBUG] Memory usage high
[2025-03-10 19:00:53] [INFO] Unauthorized access attempt
[2025-03-10 19:00:53] [WARNING] Memory usage high
[2025-03-10 19:00:53] [DEBUG] Unauthorized access attempt
[2025-03-10 19:00:53] [WARNING] Unauthorized access attempt
[2025-03-10 19:00:53] [DEBUG] File not found
[2025-03-10 19:00:53] [DEBUG] User logged in
[2025-03-10 19:00:53] [ERROR] File not found
[2025-03-10 19:00:53] [INFO] Disk space running low
[2025-03-10 19:00:53] [DEBUG] User logged in
